<?xml version="1.0" encoding="UTF-8"?>
<!-- Generated by org.testng.reporters.JUnitXMLReporter -->
<testsuite hostname="DESKTOP-ECH1G2J" ignored="0" name="Test" tests="4" failures="0" timestamp="25 Apr 2019 08:02:00 GMT" time="0.085" errors="0">
  <testcase name="nativeAppAndroid" time="0.01" classname="ro.mysite.AppiumTest"/>
  <testcase name="nativeAppIos" time="0.0" classname="ro.mysite.AppiumTest"/>
  <testcase name="browserAutomation" time="0.005" classname="ro.mysite.SeleniumTest"/>
  <testcase name="elementsUI" time="0.0" classname="ro.mysite.SeleniumTest"/>
</testsuite> <!-- Test -->
