<?xml version="1.0" encoding="UTF-8"?>
<!-- Generated by org.testng.reporters.JUnitXMLReporter -->
<testsuite hostname="DESKTOP-ECH1G2J" ignored="0" name="Test" tests="6" failures="0" timestamp="25 Apr 2019 09:46:27 GMT" time="0.092" errors="0">
  <testcase name="nativeAppAndroid" time="0.012" classname="ro.mysite.AppiumTest"/>
  <testcase name="nativeAppIos" time="0.002" classname="ro.mysite.AppiumTest"/>
  <testcase name="browserAutomation" time="0.001" classname="ro.mysite.SeleniumTest"/>
  <testcase name="elementsUI" time="0.001" classname="ro.mysite.SeleniumTest"/>
  <testcase name="deleteTwitter" time="0.001" classname="ro.mysite.RESTApiTest"/>
  <testcase name="postJira" time="0.001" classname="ro.mysite.RESTApiTest"/>
</testsuite> <!-- Test -->
